<?xml version="1.0" encoding="UTF-8"?>
<!-- Generated by org.testng.reporters.JUnitXMLReporter -->
<testsuite ignored="3" hostname="MacBook-Air.local" failures="0" tests="1" name="Default test" time="27.592" errors="0" timestamp="2024-02-11T02:28:11 IST">
  <testcase classname="com.entrata.test.entratatest" name="verify_with_ContactPage" time="21.119"/>
  <testcase classname="com.entrata.test.entratatest" name="verify_WithInvalid_credentail" time="0.0">
    <ignored/>
  </testcase> <!-- verify_WithInvalid_credentail -->
  <testcase classname="com.entrata.test.entratatest" name="Verify_SignIn_With_password" time="0.0">
    <ignored/>
  </testcase> <!-- Verify_SignIn_With_password -->
  <testcase classname="com.entrata.test.entratatest" name="Verify_Signin_with_Email_ID" time="0.0">
    <ignored/>
  </testcase> <!-- Verify_Signin_with_Email_ID -->
</testsuite> <!-- Default test -->
