<?xml version="1.0" encoding="UTF-8"?>
<!-- Generated by org.testng.reporters.JUnitXMLReporter -->
<testsuite ignored="0" hostname="MacBook-Air.local" failures="0" tests="4" name="Test" time="69.183" errors="0" timestamp="2024-02-11T02:41:39 IST">
  <testcase classname="com.entrata.test.entratatest" name="Verify_SignIn_With_password" time="16.069"/>
  <testcase classname="com.entrata.test.entratatest" name="Verify_Signin_with_Email_ID" time="11.191"/>
  <testcase classname="com.entrata.test.entratatest" name="verify_WithInvalid_credentail" time="13.065"/>
  <testcase classname="com.entrata.test.entratatest" name="verify_with_ContactPage" time="21.897"/>
</testsuite> <!-- Test -->
