<?xml version="1.0" encoding="UTF-8"?>
<testsuite xmlns:xsi="http://www.w3.org/2001/XMLSchema-instance" xsi:noNamespaceSchemaLocation="https://maven.apache.org/surefire/maven-surefire-plugin/xsd/surefire-test-report-3.0.xsd" version="3.0" name="TestSuite" time="82.403" tests="4" errors="0" skipped="0" failures="0">
  <properties>
[...]
</properties>
  <testcase name="Verify_SignIn_With_password" classname="com.entrata.test.entratatest" time="14.461">
    <system-out><![CDATA[Property Management Software | Entrata
Entrata Sign In
Test Case Pass
]]></system-out>
    <system-err><![CDATA[SLF4J: Failed to load class "org.slf4j.impl.StaticLoggerBinder".
SLF4J: Defaulting to no-operation (NOP) logger implementation
SLF4J: See http://www.slf4j.org/codes.html#StaticLoggerBinder for further details.
]]></system-err>
  </testcase>
  <testcase name="Verify_Signin_with_Email_ID" classname="com.entrata.test.entratatest" time="13.472">
    <system-out><![CDATA[Accept Cokie Not Present
Property Management Software | Entrata
Entrata Sign In
Test Case Pass
]]></system-out>
  </testcase>
  <testcase name="verify_WithInvalid_credentail" classname="com.entrata.test.entratatest" time="14.723">
    <system-out><![CDATA[Accept Cokie Not Present
Property Management Software | Entrata
Entrata Sign In
Test Case Pass
]]></system-out>
  </testcase>
  <testcase name="verify_with_ContactPage" classname="com.entrata.test.entratatest" time="26.457">
    <system-out><![CDATA[Accept Cokie Not Present
Property Management Software | Entrata
]]></system-out>
  </testcase>
</testsuite>