<?xml version="1.0" encoding="UTF-8"?>
<testng-results ignored="0" total="4" passed="4" failed="0" skipped="0">
  <reporter-output>
  </reporter-output>
  <suite started-at="2024-02-11T02:40:29 IST" name="Suite" finished-at="2024-02-11T02:41:38 IST" duration-ms="69183">
    <groups>
    </groups>
    <test started-at="2024-02-11T02:40:29 IST" name="Test" finished-at="2024-02-11T02:41:38 IST" duration-ms="69183">
      <class name="com.entrata.test.entratatest">
        <test-method is-config="true" signature="beforeSuite()[pri:0, instance:com.entrata.test.entratatest@1af2d44a]" started-at="2024-02-11T02:40:29 IST" name="beforeSuite" finished-at="2024-02-11T02:40:29 IST" duration-ms="21" status="PASS">
          <reporter-output>
          </reporter-output>
        </test-method> <!-- beforeSuite -->
        <test-method is-config="true" signature="configBc()[pri:0, instance:com.entrata.test.entratatest@1af2d44a]" started-at="2024-02-11T02:40:29 IST" name="configBc" finished-at="2024-02-11T02:40:36 IST" duration-ms="6292" status="PASS">
          <reporter-output>
          </reporter-output>
        </test-method> <!-- configBc -->
        <test-method signature="Verify_SignIn_With_password()[pri:0, instance:com.entrata.test.entratatest@1af2d44a]" started-at="2024-02-11T02:40:36 IST" name="Verify_SignIn_With_password" finished-at="2024-02-11T02:40:52 IST" duration-ms="16069" status="PASS">
          <reporter-output>
          </reporter-output>
        </test-method> <!-- Verify_SignIn_With_password -->
        <test-method signature="Verify_Signin_with_Email_ID()[pri:0, instance:com.entrata.test.entratatest@1af2d44a]" started-at="2024-02-11T02:40:52 IST" name="Verify_Signin_with_Email_ID" finished-at="2024-02-11T02:41:03 IST" duration-ms="11191" status="PASS">
          <reporter-output>
          </reporter-output>
        </test-method> <!-- Verify_Signin_with_Email_ID -->
        <test-method signature="verify_WithInvalid_credentail()[pri:0, instance:com.entrata.test.entratatest@1af2d44a]" started-at="2024-02-11T02:41:03 IST" name="verify_WithInvalid_credentail" finished-at="2024-02-11T02:41:16 IST" duration-ms="13065" status="PASS">
          <reporter-output>
          </reporter-output>
        </test-method> <!-- verify_WithInvalid_credentail -->
        <test-method signature="verify_with_ContactPage()[pri:0, instance:com.entrata.test.entratatest@1af2d44a]" started-at="2024-02-11T02:41:16 IST" name="verify_with_ContactPage" finished-at="2024-02-11T02:41:38 IST" duration-ms="21897" status="PASS">
          <reporter-output>
          </reporter-output>
        </test-method> <!-- verify_with_ContactPage -->
        <test-method is-config="true" signature="ConfigAT()[pri:0, instance:com.entrata.test.entratatest@1af2d44a]" started-at="2024-02-11T02:41:38 IST" name="ConfigAT" finished-at="2024-02-11T02:41:38 IST" duration-ms="560" status="PASS">
          <reporter-output>
          </reporter-output>
        </test-method> <!-- ConfigAT -->
        <test-method is-config="true" signature="Kill()[pri:0, instance:com.entrata.test.entratatest@1af2d44a]" started-at="2024-02-11T02:41:39 IST" name="Kill" finished-at="2024-02-11T02:41:39 IST" duration-ms="38" status="PASS">
          <reporter-output>
          </reporter-output>
        </test-method> <!-- Kill -->
      </class> <!-- com.entrata.test.entratatest -->
    </test> <!-- Test -->
  </suite> <!-- Suite -->
</testng-results>
